<?xml version="1.0" encoding="utf-8"?><testsuites name="pytest tests"><testsuite name="pytest" errors="0" failures="0" skipped="0" tests="6" time="7.145" timestamp="2026-06-25T05:27:55.166300+00:00" hostname="agent-env-1c7dacbc-c664-4f18-85e8-63218c7f45fe"><testcase classname="backend.tests.test_certificate_gender.TestValidation" name="test_missing_gender_returns_422" time="2.328" /><testcase classname="backend.tests.test_certificate_gender.TestValidation" name="test_invalid_gender_other_returns_422" time="0.041" /><testcase classname="backend.tests.test_certificate_gender.TestMalePDF" name="test_male_generates_valid_pdf_with_his_pronouns" time="1.789" /><testcase classname="backend.tests.test_certificate_gender.TestFemalePDF" name="test_female_pronouns_present" time="0.845" /><testcase classname="backend.tests.test_certificate_gender.TestFemalePDF" name="test_female_baselines_match_original" time="0.036" /><testcase classname="backend.tests.test_certificate_gender.TestHistory" name="test_history_contains_gender" time="1.970" /></testsuite></testsuites>