<?xml version="1.0" encoding="utf-8"?><testsuites name="pytest tests"><testsuite name="pytest" errors="0" failures="0" skipped="0" tests="7" time="4.282" timestamp="2026-07-23T11:32:01.629203+00:00" hostname="agent-env-1c7dacbc-c664-4f18-85e8-63218c7f45fe"><testcase classname="tests.test_deployment_fix.TestRequirementsPinning" name="test_openpyxl_pinned_exact" time="0.000" /><testcase classname="tests.test_deployment_fix.TestRequirementsPinning" name="test_python_multipart_pinned_exact" time="0.000" /><testcase classname="tests.test_deployment_fix.TestCleanVenvImport" name="test_clean_venv_imports_server_and_employees" time="0.693" /><testcase classname="tests.test_deployment_fix.TestDepartmentsEndpoint" name="test_departments_returns_three_seeded_departments" time="1.417" /><testcase classname="tests.test_deployment_fix.TestEmployeesImport" name="test_import_seed_xlsx_returns_ok_and_inserted_52" time="1.057" /><testcase classname="tests.test_deployment_fix.TestNotificationSendRegression" name="test_notif_send_two_valid_recipients" time="1.043" /><testcase classname="tests.test_deployment_fix.TestSupervisorLogClean" name="test_no_missing_package_errors_in_backend_err_log" time="0.001" /></testsuite></testsuites>