<?xml version="1.0" encoding="utf-8"?><testsuites name="pytest tests"><testsuite name="pytest" errors="0" failures="1" skipped="0" tests="11" time="31.848" timestamp="2026-09-03T10:43:45.453522+00:00" hostname="agent-env-1c7dacbc-c664-4f18-85e8-63218c7f45fe"><testcase classname="backend.tests.test_doc_module_v2.TestPageFill" name="test_no_unused_bottom_band_on_non_last_pages" time="8.260" /><testcase classname="backend.tests.test_doc_module_v2.TestPageFill" name="test_no_unnecessary_break_heading_paragraph_pair" time="1.238" /><testcase classname="backend.tests.test_doc_module_v2.TestParagraphIntegrityMultiPage" name="test_para_markers_same_page" time="3.390" /><testcase classname="backend.tests.test_doc_module_v2.TestDynamicLineHeight" name="test_balanced_page_line_pitch_ge_last_page" time="11.132" /><testcase classname="backend.tests.test_doc_module_v2.TestSignatureStyles" name="test_default_no_field_still_stamps_seal" time="1.343" /><testcase classname="backend.tests.test_doc_module_v2.TestSignatureStyles" name="test_signature_table_renders_all_labels" time="0.732"><failure message="AssertionError: missing signature-table field: 'RECIPIENT / ADVISOR'&#10;assert 'RECIPIENT / ADVISOR' in ' \nAgreement\xa0body\xa0content.\nRECIPIENT\xa0/\xa0ADVISOR\n\xa0\n\xa0\nSignature:\nName:\xa0Jane\xa0Doe\nTitle:\xa0Advisor\nDate\xa0:\xa001/01/2026\nBLUBRIDGE\xa0TECHNOLOGIES\xa0PRIVATE\xa0LIMITED\n\xa0\n\xa0\nSignature:\nName:\xa0John\xa0Roe\nTitle:\xa0Director\nDate\xa0:\xa001/01/2026\n'">backend/tests/test_doc_module_v2.py:214: in test_signature_table_renders_all_labels
    assert needle in all_text, f"missing signature-table field: {needle!r}"
E   AssertionError: missing signature-table field: 'RECIPIENT / ADVISOR'
E   assert 'RECIPIENT / ADVISOR' in ' \nAgreement\xa0body\xa0content.\nRECIPIENT\xa0/\xa0ADVISOR\n\xa0\n\xa0\nSignature:\nName:\xa0Jane\xa0Doe\nTitle:\xa0Advisor\nDate\xa0:\xa001/01/2026\nBLUBRIDGE\xa0TECHNOLOGIES\xa0PRIVATE\xa0LIMITED\n\xa0\n\xa0\nSignature:\nName:\xa0John\xa0Roe\nTitle:\xa0Director\nDate\xa0:\xa001/01/2026\n'</failure></testcase><testcase classname="backend.tests.test_doc_module_v2.TestSignatureStyles" name="test_include_signature_false_stamps_neither" time="0.390" /><testcase classname="backend.tests.test_doc_module_v2.TestDocxFidelity" name="test_rich_docx_roundtrip" time="0.123" /><testcase classname="backend.tests.test_doc_module_v2.TestDocxFidelity" name="test_list_paragraph_no_numbering_stays_p" time="0.080" /><testcase classname="backend.tests.test_doc_module_v2.TestPreviewPdfParityMulti" name="test_page_count_matches_multi_page" time="4.075" /><testcase classname="backend.tests.test_doc_module_v2.TestTable40NoCut" name="test_40row_table_no_cut_header_repeats_footer_ok" time="0.917" /></testsuite></testsuites>