<?xml version="1.0" encoding="utf-8"?><testsuites name="pytest tests"><testsuite name="pytest" errors="0" failures="0" skipped="0" tests="24" time="33.236" timestamp="2026-09-03T10:41:35.160424+00:00" hostname="agent-env-1c7dacbc-c664-4f18-85e8-63218c7f45fe"><testcase classname="backend.tests.test_doc_module.TestAuth" name="test_import_requires_auth" time="0.385" /><testcase classname="backend.tests.test_doc_module.TestAuth" name="test_preview_requires_auth" time="0.117" /><testcase classname="backend.tests.test_doc_module.TestAuth" name="test_generate_requires_auth" time="0.114" /><testcase classname="backend.tests.test_doc_module.TestPreviewGenerate" name="test_single_page_preview" time="1.228" /><testcase classname="backend.tests.test_doc_module.TestPreviewGenerate" name="test_generate_returns_pdf" time="1.073" /><testcase classname="backend.tests.test_doc_module.TestPreviewGenerate" name="test_generate_empty_html_400" time="0.571" /><testcase classname="backend.tests.test_doc_module.TestPreviewGenerate" name="test_filename_fallback" time="2.550" /><testcase classname="backend.tests.test_doc_module.TestPreviewGenerate" name="test_preview_matches_generate_page_count" time="2.847" /><testcase classname="backend.tests.test_doc_module.TestLetterheadOnEveryPage" name="test_5_plus_pages_letterhead_present" time="5.115" /><testcase classname="backend.tests.test_doc_module.TestKeepTogether" name="test_no_paragraph_split_across_pages" time="2.847" /><testcase classname="backend.tests.test_doc_module.TestKeepTogether" name="test_content_within_safe_area" time="5.377" /><testcase classname="backend.tests.test_doc_module.TestHeadingKeepWithNext" name="test_heading_with_following_paragraph_same_page" time="2.607" /><testcase classname="backend.tests.test_doc_module.TestLongTable" name="test_table_rows_not_cut_header_repeats" time="0.905" /><testcase classname="backend.tests.test_doc_module.TestSignature" name="test_signature_within_content_area" time="1.664" /><testcase classname="backend.tests.test_doc_module.TestImport" name="test_import_docx" time="0.144" /><testcase classname="backend.tests.test_doc_module.TestImport" name="test_import_txt" time="0.072" /><testcase classname="backend.tests.test_doc_module.TestImport" name="test_import_pdf" time="0.074" /><testcase classname="backend.tests.test_doc_module.TestImport" name="test_import_unsupported_xlsx_415" time="0.069" /><testcase classname="backend.tests.test_doc_module.TestHistory" name="test_doc_appears_in_history_and_downloads" time="1.489" /><testcase classname="backend.tests.test_doc_module.TestRegression" name="test_certificate_generate" time="1.049" /><testcase classname="backend.tests.test_doc_module.TestRegression" name="test_offer_generate" time="0.911" /><testcase classname="backend.tests.test_doc_module.TestRegression" name="test_ack_generate" time="1.327" /><testcase classname="backend.tests.test_doc_module.TestRegression" name="test_offer_email_preview" time="0.313" /><testcase classname="backend.tests.test_doc_module.TestRegression" name="test_health" time="0.253" /></testsuite></testsuites>