<?xml version="1.0" encoding="utf-8"?><testsuites name="pytest tests"><testsuite name="pytest" errors="0" failures="1" skipped="0" tests="24" time="29.910" timestamp="2026-09-03T10:23:08.166959+00:00" hostname="agent-env-1c7dacbc-c664-4f18-85e8-63218c7f45fe"><testcase classname="backend.tests.test_doc_module.TestAuth" name="test_import_requires_auth" time="0.337" /><testcase classname="backend.tests.test_doc_module.TestAuth" name="test_preview_requires_auth" time="0.126" /><testcase classname="backend.tests.test_doc_module.TestAuth" name="test_generate_requires_auth" time="0.160" /><testcase classname="backend.tests.test_doc_module.TestPreviewGenerate" name="test_single_page_preview" time="1.270" /><testcase classname="backend.tests.test_doc_module.TestPreviewGenerate" name="test_generate_returns_pdf" time="1.054" /><testcase classname="backend.tests.test_doc_module.TestPreviewGenerate" name="test_generate_empty_html_400" time="0.062" /><testcase classname="backend.tests.test_doc_module.TestPreviewGenerate" name="test_filename_fallback" time="0.363" /><testcase classname="backend.tests.test_doc_module.TestPreviewGenerate" name="test_preview_matches_generate_page_count" time="3.197" /><testcase classname="backend.tests.test_doc_module.TestLetterheadOnEveryPage" name="test_5_plus_pages_letterhead_present" time="4.883" /><testcase classname="backend.tests.test_doc_module.TestKeepTogether" name="test_no_paragraph_split_across_pages" time="2.557" /><testcase classname="backend.tests.test_doc_module.TestKeepTogether" name="test_content_within_safe_area" time="4.988" /><testcase classname="backend.tests.test_doc_module.TestHeadingKeepWithNext" name="test_heading_with_following_paragraph_same_page" time="2.600" /><testcase classname="backend.tests.test_doc_module.TestLongTable" name="test_table_rows_not_cut_header_repeats" time="0.910" /><testcase classname="backend.tests.test_doc_module.TestSignature" name="test_signature_within_content_area" time="1.625" /><testcase classname="backend.tests.test_doc_module.TestImport" name="test_import_docx" time="0.120" /><testcase classname="backend.tests.test_doc_module.TestImport" name="test_import_txt" time="0.060" /><testcase classname="backend.tests.test_doc_module.TestImport" name="test_import_pdf" time="0.063" /><testcase classname="backend.tests.test_doc_module.TestImport" name="test_import_unsupported_xlsx_415" time="0.060" /><testcase classname="backend.tests.test_doc_module.TestHistory" name="test_doc_appears_in_history_and_downloads" time="1.684" /><testcase classname="backend.tests.test_doc_module.TestRegression" name="test_certificate_generate" time="1.303" /><testcase classname="backend.tests.test_doc_module.TestRegression" name="test_offer_generate" time="0.932" /><testcase classname="backend.tests.test_doc_module.TestRegression" name="test_ack_generate" time="0.862" /><testcase classname="backend.tests.test_doc_module.TestRegression" name="test_offer_email_preview" time="0.064"><failure message="assert 400 == 200&#10; +  where 400 = &lt;Response [400]&gt;.status_code">backend/tests/test_doc_module.py:398: in test_offer_email_preview
    assert r.status_code == 200
E   assert 400 == 200
E    +  where 400 = &lt;Response [400]&gt;.status_code</failure></testcase><testcase classname="backend.tests.test_doc_module.TestRegression" name="test_health" time="0.256" /></testsuite></testsuites>