<?xml version="1.0" encoding="utf-8"?><testsuites name="pytest tests"><testsuite name="pytest" errors="0" failures="0" skipped="0" tests="35" time="69.946" timestamp="2026-09-03T10:45:59.371693+00:00" hostname="agent-env-1c7dacbc-c664-4f18-85e8-63218c7f45fe"><testcase classname="backend.tests.test_doc_module.TestAuth" name="test_import_requires_auth" time="0.259" /><testcase classname="backend.tests.test_doc_module.TestAuth" name="test_preview_requires_auth" time="0.211" /><testcase classname="backend.tests.test_doc_module.TestAuth" name="test_generate_requires_auth" time="0.172" /><testcase classname="backend.tests.test_doc_module.TestPreviewGenerate" name="test_single_page_preview" time="1.335" /><testcase classname="backend.tests.test_doc_module.TestPreviewGenerate" name="test_generate_returns_pdf" time="1.305" /><testcase classname="backend.tests.test_doc_module.TestPreviewGenerate" name="test_generate_empty_html_400" time="0.104" /><testcase classname="backend.tests.test_doc_module.TestPreviewGenerate" name="test_filename_fallback" time="0.863" /><testcase classname="backend.tests.test_doc_module.TestPreviewGenerate" name="test_preview_matches_generate_page_count" time="3.523" /><testcase classname="backend.tests.test_doc_module.TestLetterheadOnEveryPage" name="test_5_plus_pages_letterhead_present" time="6.447" /><testcase classname="backend.tests.test_doc_module.TestKeepTogether" name="test_no_paragraph_split_across_pages" time="3.106" /><testcase classname="backend.tests.test_doc_module.TestKeepTogether" name="test_content_within_safe_area" time="6.493" /><testcase classname="backend.tests.test_doc_module.TestHeadingKeepWithNext" name="test_heading_with_following_paragraph_same_page" time="3.056" /><testcase classname="backend.tests.test_doc_module.TestLongTable" name="test_table_rows_not_cut_header_repeats" time="1.143" /><testcase classname="backend.tests.test_doc_module.TestSignature" name="test_signature_within_content_area" time="1.874" /><testcase classname="backend.tests.test_doc_module.TestImport" name="test_import_docx" time="0.140" /><testcase classname="backend.tests.test_doc_module.TestImport" name="test_import_txt" time="0.081" /><testcase classname="backend.tests.test_doc_module.TestImport" name="test_import_pdf" time="0.071" /><testcase classname="backend.tests.test_doc_module.TestImport" name="test_import_unsupported_xlsx_415" time="0.060" /><testcase classname="backend.tests.test_doc_module.TestHistory" name="test_doc_appears_in_history_and_downloads" time="3.557" /><testcase classname="backend.tests.test_doc_module.TestRegression" name="test_certificate_generate" time="1.764" /><testcase classname="backend.tests.test_doc_module.TestRegression" name="test_offer_generate" time="0.915" /><testcase classname="backend.tests.test_doc_module.TestRegression" name="test_ack_generate" time="0.830" /><testcase classname="backend.tests.test_doc_module.TestRegression" name="test_offer_email_preview" time="0.313" /><testcase classname="backend.tests.test_doc_module.TestRegression" name="test_health" time="0.244" /><testcase classname="backend.tests.test_doc_module_v2.TestPageFill" name="test_no_unused_bottom_band_on_non_last_pages" time="8.258" /><testcase classname="backend.tests.test_doc_module_v2.TestPageFill" name="test_no_unnecessary_break_heading_paragraph_pair" time="1.715" /><testcase classname="backend.tests.test_doc_module_v2.TestParagraphIntegrityMultiPage" name="test_para_markers_same_page" time="3.441" /><testcase classname="backend.tests.test_doc_module_v2.TestDynamicLineHeight" name="test_balanced_page_line_pitch_ge_last_page" time="10.686" /><testcase classname="backend.tests.test_doc_module_v2.TestSignatureStyles" name="test_default_no_field_still_stamps_seal" time="1.387" /><testcase classname="backend.tests.test_doc_module_v2.TestSignatureStyles" name="test_signature_table_renders_all_labels" time="0.716" /><testcase classname="backend.tests.test_doc_module_v2.TestSignatureStyles" name="test_include_signature_false_stamps_neither" time="0.385" /><testcase classname="backend.tests.test_doc_module_v2.TestDocxFidelity" name="test_rich_docx_roundtrip" time="0.108" /><testcase classname="backend.tests.test_doc_module_v2.TestDocxFidelity" name="test_list_paragraph_no_numbering_stays_p" time="0.090" /><testcase classname="backend.tests.test_doc_module_v2.TestPreviewPdfParityMulti" name="test_page_count_matches_multi_page" time="4.222" /><testcase classname="backend.tests.test_doc_module_v2.TestTable40NoCut" name="test_40row_table_no_cut_header_repeats_footer_ok" time="0.937" /></testsuite></testsuites>