<?xml version="1.0" encoding="utf-8"?><testsuites name="pytest tests"><testsuite name="pytest" errors="0" failures="0" skipped="0" tests="15" time="5.382" timestamp="2026-07-16T15:43:50.671805+00:00" hostname="agent-env-1c7dacbc-c664-4f18-85e8-63218c7f45fe"><testcase classname="backend.tests.test_notif_email.TestAuthGating" name="test_departments_requires_auth" time="0.207" /><testcase classname="backend.tests.test_notif_email.TestAuthGating" name="test_employees_requires_auth" time="0.121" /><testcase classname="backend.tests.test_notif_email.TestAuthGating" name="test_import_requires_auth" time="0.188" /><testcase classname="backend.tests.test_notif_email.TestAuthGating" name="test_import_without_csrf_returns_403" time="1.185" /><testcase classname="backend.tests.test_notif_email.TestDepartments" name="test_departments_shape_and_counts" time="0.292" /><testcase classname="backend.tests.test_notif_email.TestEmployees" name="test_employees_all" time="0.305" /><testcase classname="backend.tests.test_notif_email.TestEmployees" name="test_employees_filtered_business_product" time="0.296" /><testcase classname="backend.tests.test_notif_email.TestEmployees" name="test_employees_unknown_department_empty" time="0.292" /><testcase classname="backend.tests.test_notif_email.TestNotifSendAuthGating" name="test_notif_send_requires_auth" time="0.123" /><testcase classname="backend.tests.test_notif_email.TestNotifSendAuthGating" name="test_notif_send_without_csrf_returns_403" time="0.148" /><testcase classname="backend.tests.test_notif_email.TestNotifSendValidation" name="test_notif_send_empty_subject_422" time="0.070" /><testcase classname="backend.tests.test_notif_email.TestNotifSendValidation" name="test_notif_send_empty_recipients_422" time="0.064" /><testcase classname="backend.tests.test_notif_email.TestNotifSendValidation" name="test_notif_send_empty_html_422" time="0.069" /><testcase classname="backend.tests.test_notif_email.TestNotifSendHappyPath" name="test_notif_send_batch_of_three" time="1.250" /><testcase classname="backend.tests.test_notif_email.TestNotifSendInvalidEmails" name="test_notif_send_invalid_email_goes_to_failed" time="0.461" /></testsuite></testsuites>