<?xml version="1.0" encoding="utf-8"?><testsuites name="pytest tests"><testsuite name="pytest" errors="0" failures="0" skipped="0" tests="15" time="6.344" timestamp="2026-07-16T14:02:41.570750+00:00" hostname="agent-env-1c7dacbc-c664-4f18-85e8-63218c7f45fe"><testcase classname="backend.tests.test_notif_email.TestAuthGating" name="test_departments_requires_auth" time="0.297" /><testcase classname="backend.tests.test_notif_email.TestAuthGating" name="test_employees_requires_auth" time="0.137" /><testcase classname="backend.tests.test_notif_email.TestAuthGating" name="test_import_requires_auth" time="0.111" /><testcase classname="backend.tests.test_notif_email.TestAuthGating" name="test_import_without_csrf_returns_403" time="1.734" /><testcase classname="backend.tests.test_notif_email.TestDepartments" name="test_departments_shape_and_counts" time="0.610" /><testcase classname="backend.tests.test_notif_email.TestEmployees" name="test_employees_all" time="0.302" /><testcase classname="backend.tests.test_notif_email.TestEmployees" name="test_employees_filtered_research_unit" time="0.300" /><testcase classname="backend.tests.test_notif_email.TestEmployees" name="test_employees_filtered_support_staff" time="0.279" /><testcase classname="backend.tests.test_notif_email.TestEmployees" name="test_employees_filtered_business_product" time="0.319" /><testcase classname="backend.tests.test_notif_email.TestEmployees" name="test_employees_unknown_department_empty" time="0.277" /><testcase classname="backend.tests.test_notif_email.TestImport" name="test_import_replaces_roster" time="1.440" /><testcase classname="backend.tests.test_notif_email.TestImport" name="test_import_wrong_extension_returns_415" time="0.048" /><testcase classname="backend.tests.test_notif_email.TestImport" name="test_import_empty_file_returns_400" time="0.053" /><testcase classname="backend.tests.test_notif_email.TestImport" name="test_import_oversize_returns_413" time="0.302" /><testcase classname="backend.tests.test_notif_email.TestImport" name="test_import_invalid_xlsx_returns_400" time="0.065" /></testsuite></testsuites>