<?xml version="1.0" encoding="utf-8"?><testsuites name="pytest tests"><testsuite name="pytest" errors="0" failures="0" skipped="0" tests="9" time="5.812" timestamp="2026-06-25T06:46:20.395274+00:00" hostname="agent-env-1c7dacbc-c664-4f18-85e8-63218c7f45fe"><testcase classname="backend.tests.test_offer_email.TestPreviewHappyPath" name="test_660k_full_render" time="1.946" /><testcase classname="backend.tests.test_offer_email.TestPreviewHappyPath" name="test_1_5m_tier1" time="0.288" /><testcase classname="backend.tests.test_offer_email.TestPreviewHappyPath" name="test_300k_tier4" time="0.285" /><testcase classname="backend.tests.test_offer_email.TestValidationErrors" name="test_customized_mode_returns_400" time="0.040" /><testcase classname="backend.tests.test_offer_email.TestValidationErrors" name="test_no_auth_returns_401" time="0.134" /><testcase classname="backend.tests.test_offer_email.TestValidationErrors" name="test_missing_csrf_returns_403" time="1.090" /><testcase classname="backend.tests.test_offer_email.TestValidationErrors" name="test_ctc_zero_returns_422" time="0.041" /><testcase classname="backend.tests.test_offer_email.TestValidationErrors" name="test_invalid_title_returns_422" time="0.042" /><testcase classname="backend.tests.test_offer_email.TestHistoryIntegration" name="test_history_lists_and_downloads" time="1.861" /></testsuite></testsuites>