<?xml version="1.0" encoding="utf-8"?><testsuites name="pytest tests"><testsuite name="pytest" errors="0" failures="0" skipped="0" tests="9" time="26.409" timestamp="2026-06-20T11:23:25.031371+00:00" hostname="agent-env-1c7dacbc-c664-4f18-85e8-63218c7f45fe"><testcase classname="backend.tests.test_change_password.TestLogin" name="test_login_success_sets_cookies" time="1.164" /><testcase classname="backend.tests.test_change_password.TestLogin" name="test_login_wrong_password" time="1.050" /><testcase classname="backend.tests.test_change_password.TestChangePasswordGuards" name="test_no_auth_cookie_returns_401" time="0.095" /><testcase classname="backend.tests.test_change_password.TestChangePasswordGuards" name="test_missing_csrf_header_returns_403" time="1.086" /><testcase classname="backend.tests.test_change_password.TestChangePasswordGuards" name="test_wrong_current_password_returns_401" time="2.034" /><testcase classname="backend.tests.test_change_password.TestChangePasswordGuards" name="test_short_new_password_returns_422" time="1.154" /><testcase classname="backend.tests.test_change_password.TestChangePasswordGuards" name="test_same_as_current_returns_400" time="1.312" /><testcase classname="backend.tests.test_change_password.TestChangePasswordHappyPath" name="test_happy_path_and_restore" time="7.133" /><testcase classname="backend.tests.test_change_password.TestPersistenceAcrossRestart" name="test_db_authoritative_across_restart" time="11.300" /></testsuite></testsuites>